<?xml version="1.0" encoding="UTF-8"?>
<!-- Generated by org.testng.reporters.JUnitReportReporter -->
<testsuite hostname="DN0931" name="interfaceTestCase.BingQiongUserCenter" tests="8" failures="0" timestamp="16 May 2016 06:18:09 GMT" time="7.907" errors="0">
  <testcase name="getResetCode" time="2.116" classname="interfaceTestCase.BingQiongUserCenter"/>
  <testcase name="login" time="3.054" classname="interfaceTestCase.BingQiongUserCenter"/>
  <testcase name="getByToken" time="0.336" classname="interfaceTestCase.BingQiongUserCenter"/>
  <testcase name="resetPassword" time="0.041" classname="interfaceTestCase.BingQiongUserCenter"/>
  <testcase name="registerConfirm" time="0.050" classname="interfaceTestCase.BingQiongUserCenter"/>
  <testcase name="verifyCode" time="0.033" classname="interfaceTestCase.BingQiongUserCenter"/>
  <testcase name="modifyPassword" time="0.045" classname="interfaceTestCase.BingQiongUserCenter"/>
  <testcase name="getCode" time="2.232" classname="interfaceTestCase.BingQiongUserCenter"/>
</testsuite> <!-- interfaceTestCase.BingQiongUserCenter -->
