<?xml version="1.0" encoding="UTF-8"?>
<!-- Generated by org.testng.reporters.JUnitReportReporter -->
<testsuite hostname="DN0931" name="testpackage.Practice001" tests="1" failures="0" timestamp="3 May 2016 09:18:18 GMT" time="9.605" errors="0">
  <testcase name="test001" time="9.605" classname="testpackage.Practice001"/>
</testsuite> <!-- testpackage.Practice001 -->
